<?xml version="1.0" encoding="UTF-8"?>
<testng-results skipped="0" failed="0" ignored="0" total="1" passed="1">
  <reporter-output>
    <line>
      <![CDATA[<br/><a href='C:\Task\.\target\surefire-reports\screenshots\verifyCreateNewUser_4zfxsvddw8k9.png'>View Screenshot</a><br/>]]>
    </line>
  </reporter-output>
  <suite name="Automation Test Suite for SignIn" duration-ms="59453" started-at="2021-02-21T14:57:26Z" finished-at="2021-02-21T14:58:25Z">
    <groups>
    </groups>
    <test name="Automation SignIn" duration-ms="59453" started-at="2021-02-21T14:57:26Z" finished-at="2021-02-21T14:58:25Z">
      <class name="com.task.automation.test.SignIn">
        <test-method status="PASS" signature="config(java.lang.String, java.lang.String)[pri:0, instance:com.task.automation.test.SignIn@1efbd816]" name="config" is-config="true" duration-ms="520" started-at="2021-02-21T14:57:25Z" finished-at="2021-02-21T14:57:26Z">
          <params>
            <param index="0">
              <value>
                <![CDATA[Optional name Automation ]]>
              </value>
            </param>
            <param index="1">
              <value>
                <![CDATA[Automation Report]]>
              </value>
            </param>
          </params>
          <reporter-output>
          </reporter-output>
        </test-method> <!-- config -->
        <test-method status="PASS" signature="beforeTest()[pri:0, instance:com.task.automation.test.SignIn@1efbd816]" name="beforeTest" is-config="true" duration-ms="25645" started-at="2021-02-21T14:57:26Z" finished-at="2021-02-21T14:57:51Z">
          <reporter-output>
          </reporter-output>
        </test-method> <!-- beforeTest -->
        <test-method status="PASS" signature="beforeMethod()[pri:0, instance:com.task.automation.test.SignIn@1efbd816]" name="beforeMethod" is-config="true" duration-ms="233" started-at="2021-02-21T14:57:51Z" finished-at="2021-02-21T14:57:52Z">
          <reporter-output>
          </reporter-output>
        </test-method> <!-- beforeMethod -->
        <test-method status="PASS" signature="verifyCreateNewUser()[pri:0, instance:com.task.automation.test.SignIn@1efbd816]" name="verifyCreateNewUser" duration-ms="21282" started-at="2021-02-21T14:57:52Z" description="Verify functionality to Create a new user" finished-at="2021-02-21T14:58:13Z">
          <reporter-output>
          </reporter-output>
        </test-method> <!-- verifyCreateNewUser -->
        <test-method status="PASS" signature="afterMethod(org.testng.ITestResult)[pri:0, instance:com.task.automation.test.SignIn@1efbd816]" name="afterMethod" is-config="true" duration-ms="10740" started-at="2021-02-21T14:58:13Z" finished-at="2021-02-21T14:58:24Z">
          <params>
            <param index="0">
              <value>
                <![CDATA[[TestResult name=verifyCreateNewUser status=SUCCESS method=SignIn.verifyCreateNewUser()[pri:0, instance:com.task.automation.test.SignIn@1efbd816] output={null}]]]>
              </value>
            </param>
          </params>
          <reporter-output>
            <line>
              <![CDATA[<br/><a href='C:\Task\.\target\surefire-reports\screenshots\verifyCreateNewUser_4zfxsvddw8k9.png'>View Screenshot</a><br/>]]>
            </line>
          </reporter-output>
        </test-method> <!-- afterMethod -->
        <test-method status="PASS" signature="afterTest()[pri:0, instance:com.task.automation.test.SignIn@1efbd816]" name="afterTest" is-config="true" duration-ms="1485" started-at="2021-02-21T14:58:24Z" finished-at="2021-02-21T14:58:25Z">
          <reporter-output>
          </reporter-output>
        </test-method> <!-- afterTest -->
        <test-method status="PASS" signature="endReport()[pri:0, instance:com.task.automation.test.SignIn@1efbd816]" name="endReport" is-config="true" duration-ms="1276" started-at="2021-02-21T14:58:25Z" finished-at="2021-02-21T14:58:26Z">
          <reporter-output>
          </reporter-output>
        </test-method> <!-- endReport -->
      </class> <!-- com.task.automation.test.SignIn -->
    </test> <!-- Automation SignIn -->
  </suite> <!-- Automation Test Suite for SignIn -->
</testng-results>
