<?xml version="1.0" encoding="UTF-8"?>
<testng-results skipped="0" failed="0" ignored="0" total="1" passed="1">
  <reporter-output>
    <line>
      <![CDATA[<br/><a href='C:\Task\.\target\surefire-reports\screenshots\verifyCreateNewUserWithValid_9uvjj687o8as.png'>View Screenshot</a><br/>]]>
    </line>
  </reporter-output>
  <suite name="Default suite" duration-ms="60045" started-at="2021-02-23T19:52:31 IST" finished-at="2021-02-23T19:53:31 IST">
    <groups>
    </groups>
    <test name="Default test" duration-ms="60045" started-at="2021-02-23T19:52:31 IST" finished-at="2021-02-23T19:53:31 IST">
      <class name="com.task.automation.test.SignIn">
        <test-method status="PASS" signature="config(java.lang.String, java.lang.String)[pri:0, instance:com.task.automation.test.SignIn@4b1c1ea0]" name="config" is-config="true" duration-ms="332" started-at="2021-02-23T19:52:31 IST" finished-at="2021-02-23T19:52:31 IST">
          <params>
            <param index="0">
              <value>
                <![CDATA[Optional name Automation ]]>
              </value>
            </param>
            <param index="1">
              <value>
                <![CDATA[Automation Report]]>
              </value>
            </param>
          </params>
          <reporter-output>
          </reporter-output>
        </test-method> <!-- config -->
        <test-method status="PASS" signature="beforeTest()[pri:0, instance:com.task.automation.test.SignIn@4b1c1ea0]" name="beforeTest" is-config="true" duration-ms="15379" started-at="2021-02-23T19:52:31 IST" finished-at="2021-02-23T19:52:47 IST">
          <reporter-output>
          </reporter-output>
        </test-method> <!-- beforeTest -->
        <test-method status="PASS" signature="beforeMethod()[pri:0, instance:com.task.automation.test.SignIn@4b1c1ea0]" name="beforeMethod" is-config="true" duration-ms="139" started-at="2021-02-23T19:52:47 IST" finished-at="2021-02-23T19:52:47 IST">
          <reporter-output>
          </reporter-output>
        </test-method> <!-- beforeMethod -->
        <test-method status="PASS" signature="verifyCreateNewUserWithValid()[pri:0, instance:com.task.automation.test.SignIn@4b1c1ea0]" name="verifyCreateNewUserWithValid" duration-ms="32461" started-at="2021-02-23T19:52:47 IST" description="Verify functionality to Create a new user" finished-at="2021-02-23T19:53:19 IST">
          <reporter-output>
          </reporter-output>
        </test-method> <!-- verifyCreateNewUserWithValid -->
        <test-method status="PASS" signature="afterMethod(org.testng.ITestResult)[pri:0, instance:com.task.automation.test.SignIn@4b1c1ea0]" name="afterMethod" is-config="true" duration-ms="10628" started-at="2021-02-23T19:53:19 IST" finished-at="2021-02-23T19:53:30 IST">
          <params>
            <param index="0">
              <value>
                <![CDATA[[TestResult name=verifyCreateNewUserWithValid status=SUCCESS method=SignIn.verifyCreateNewUserWithValid()[pri:0, instance:com.task.automation.test.SignIn@4b1c1ea0] output={null}]]]>
              </value>
            </param>
          </params>
          <reporter-output>
            <line>
              <![CDATA[<br/><a href='C:\Task\.\target\surefire-reports\screenshots\verifyCreateNewUserWithValid_9uvjj687o8as.png'>View Screenshot</a><br/>]]>
            </line>
          </reporter-output>
        </test-method> <!-- afterMethod -->
        <test-method status="PASS" signature="afterTest()[pri:0, instance:com.task.automation.test.SignIn@4b1c1ea0]" name="afterTest" is-config="true" duration-ms="1331" started-at="2021-02-23T19:53:30 IST" finished-at="2021-02-23T19:53:31 IST">
          <reporter-output>
          </reporter-output>
        </test-method> <!-- afterTest -->
        <test-method status="PASS" signature="endReport()[pri:0, instance:com.task.automation.test.SignIn@4b1c1ea0]" name="endReport" is-config="true" duration-ms="1194" started-at="2021-02-23T19:53:31 IST" finished-at="2021-02-23T19:53:33 IST">
          <reporter-output>
          </reporter-output>
        </test-method> <!-- endReport -->
      </class> <!-- com.task.automation.test.SignIn -->
    </test> <!-- Default test -->
  </suite> <!-- Default suite -->
</testng-results>
